<?xml version="1.0" encoding="UTF-8"?>
<testsuite name="com.example.QuickstartDb.QuickstartDbApplicationTests" tests="1" skipped="0" failures="0" errors="0" timestamp="2020-07-03T08:31:22" hostname="sumitn-mac-0" time="0.122">
  <properties/>
  <testcase name="contextLoads()" classname="com.example.QuickstartDb.QuickstartDbApplicationTests" time="0.122"/>
  <system-out><![CDATA[14:01:18.441 [Test worker] DEBUG org.springframework.test.context.BootstrapUtils - Instantiating CacheAwareContextLoaderDelegate from class [org.springframework.test.context.cache.DefaultCacheAwareContextLoaderDelegate]
14:01:18.453 [Test worker] DEBUG org.springframework.test.context.BootstrapUtils - Instantiating BootstrapContext using constructor [public org.springframework.test.context.support.DefaultBootstrapContext(java.lang.Class,org.springframework.test.context.CacheAwareContextLoaderDelegate)]
14:01:18.492 [Test worker] DEBUG org.springframework.test.context.BootstrapUtils - Instantiating TestContextBootstrapper for test class [com.example.QuickstartDb.QuickstartDbApplicationTests] from class [org.springframework.boot.test.context.SpringBootTestContextBootstrapper]
14:01:18.507 [Test worker] INFO org.springframework.boot.test.context.SpringBootTestContextBootstrapper - Neither @ContextConfiguration nor @ContextHierarchy found for test class [com.example.QuickstartDb.QuickstartDbApplicationTests], using SpringBootContextLoader
14:01:18.510 [Test worker] DEBUG org.springframework.test.context.support.AbstractContextLoader - Did not detect default resource location for test class [com.example.QuickstartDb.QuickstartDbApplicationTests]: class path resource [com/example/QuickstartDb/QuickstartDbApplicationTests-context.xml] does not exist
14:01:18.511 [Test worker] DEBUG org.springframework.test.context.support.AbstractContextLoader - Did not detect default resource location for test class [com.example.QuickstartDb.QuickstartDbApplicationTests]: class path resource [com/example/QuickstartDb/QuickstartDbApplicationTestsContext.groovy] does not exist
14:01:18.511 [Test worker] INFO org.springframework.test.context.support.AbstractContextLoader - Could not detect default resource locations for test class [com.example.QuickstartDb.QuickstartDbApplicationTests]: no resource found for suffixes {-context.xml, Context.groovy}.
14:01:18.512 [Test worker] INFO org.springframework.test.context.support.AnnotationConfigContextLoaderUtils - Could not detect default configuration classes for test class [com.example.QuickstartDb.QuickstartDbApplicationTests]: QuickstartDbApplicationTests does not declare any static, non-private, non-final, nested classes annotated with @Configuration.
14:01:18.544 [Test worker] DEBUG org.springframework.test.context.support.ActiveProfilesUtils - Could not find an 'annotation declaring class' for annotation type [org.springframework.test.context.ActiveProfiles] and class [com.example.QuickstartDb.QuickstartDbApplicationTests]
14:01:18.619 [Test worker] DEBUG org.springframework.context.annotation.ClassPathScanningCandidateComponentProvider - Identified candidate component class: file [/Users/sumitn/Downloads/QuickstartDb/build/classes/java/main/com/example/QuickstartDb/QuickstartDbApplication.class]
14:01:18.620 [Test worker] INFO org.springframework.boot.test.context.SpringBootTestContextBootstrapper - Found @SpringBootConfiguration com.example.QuickstartDb.QuickstartDbApplication for test class com.example.QuickstartDb.QuickstartDbApplicationTests
14:01:18.703 [Test worker] DEBUG org.springframework.boot.test.context.SpringBootTestContextBootstrapper - @TestExecutionListeners is not present for class [com.example.QuickstartDb.QuickstartDbApplicationTests]: using defaults.
14:01:18.703 [Test worker] INFO org.springframework.boot.test.context.SpringBootTestContextBootstrapper - Loaded default TestExecutionListener class names from location [META-INF/spring.factories]: [org.springframework.boot.test.autoconfigure.restdocs.RestDocsTestExecutionListener, org.springframework.boot.test.autoconfigure.web.client.MockRestServiceServerResetTestExecutionListener, org.springframework.boot.test.autoconfigure.web.servlet.MockMvcPrintOnlyOnFailureTestExecutionListener, org.springframework.boot.test.autoconfigure.web.servlet.WebDriverTestExecutionListener, org.springframework.boot.test.autoconfigure.webservices.client.MockWebServiceServerTestExecutionListener, org.springframework.boot.test.mock.mockito.MockitoTestExecutionListener, org.springframework.boot.test.mock.mockito.ResetMocksTestExecutionListener, org.springframework.test.context.web.ServletTestExecutionListener, org.springframework.test.context.support.DirtiesContextBeforeModesTestExecutionListener, org.springframework.test.context.support.DependencyInjectionTestExecutionListener, org.springframework.test.context.support.DirtiesContextTestExecutionListener, org.springframework.test.context.transaction.TransactionalTestExecutionListener, org.springframework.test.context.jdbc.SqlScriptsTestExecutionListener, org.springframework.test.context.event.EventPublishingTestExecutionListener]
14:01:18.717 [Test worker] INFO org.springframework.boot.test.context.SpringBootTestContextBootstrapper - Using TestExecutionListeners: [org.springframework.test.context.web.ServletTestExecutionListener@6b2b5d1f, org.springframework.test.context.support.DirtiesContextBeforeModesTestExecutionListener@15a9a315, org.springframework.boot.test.mock.mockito.MockitoTestExecutionListener@68ad1045, org.springframework.boot.test.autoconfigure.SpringBootDependencyInjectionTestExecutionListener@57ea699b, org.springframework.test.context.support.DirtiesContextTestExecutionListener@669805dc, org.springframework.test.context.transaction.TransactionalTestExecutionListener@3ef1a311, org.springframework.test.context.jdbc.SqlScriptsTestExecutionListener@3e5eb3b2, org.springframework.test.context.event.EventPublishingTestExecutionListener@3afcb353, org.springframework.boot.test.autoconfigure.restdocs.RestDocsTestExecutionListener@1c6cf735, org.springframework.boot.test.autoconfigure.web.client.MockRestServiceServerResetTestExecutionListener@2f362682, org.springframework.boot.test.autoconfigure.web.servlet.MockMvcPrintOnlyOnFailureTestExecutionListener@64bec3f5, org.springframework.boot.test.autoconfigure.web.servlet.WebDriverTestExecutionListener@3b87821a, org.springframework.boot.test.autoconfigure.webservices.client.MockWebServiceServerTestExecutionListener@40a90f00, org.springframework.boot.test.mock.mockito.ResetMocksTestExecutionListener@5e3523a1]
14:01:18.721 [Test worker] DEBUG org.springframework.test.context.support.AbstractDirtiesContextTestExecutionListener - Before test class: context [DefaultTestContext@7f980b46 testClass = QuickstartDbApplicationTests, testInstance = [null], testMethod = [null], testException = [null], mergedContextConfiguration = [WebMergedContextConfiguration@60cc77d testClass = QuickstartDbApplicationTests, locations = '{}', classes = '{class com.example.QuickstartDb.QuickstartDbApplication}', contextInitializerClasses = '[]', activeProfiles = '{}', propertySourceLocations = '{}', propertySourceProperties = '{org.springframework.boot.test.context.SpringBootTestContextBootstrapper=true}', contextCustomizers = set[org.springframework.boot.test.autoconfigure.properties.PropertyMappingContextCustomizer@0, org.springframework.boot.test.autoconfigure.web.servlet.WebDriverContextCustomizerFactory$Customizer@1f1ae05c, org.springframework.boot.test.context.filter.ExcludeFilterContextCustomizer@2769e383, org.springframework.boot.test.json.DuplicateJsonObjectContextCustomizerFactory$DuplicateJsonObjectContextCustomizer@5632d594, org.springframework.boot.test.mock.mockito.MockitoContextCustomizer@0, org.springframework.boot.test.web.client.TestRestTemplateContextCustomizer@1ad0d7d9, org.springframework.boot.test.context.SpringBootTestArgs@1], resourceBasePath = 'src/main/webapp', contextLoader = 'org.springframework.boot.test.context.SpringBootContextLoader', parent = [null]], attributes = map['org.springframework.test.context.web.ServletTestExecutionListener.activateListener' -> true]], class annotated with @DirtiesContext [false] with mode [null].
14:01:18.744 [Test worker] DEBUG org.springframework.test.context.support.TestPropertySourceUtils - Adding inlined properties to environment: {spring.jmx.enabled=false, org.springframework.boot.test.context.SpringBootTestContextBootstrapper=true}

  .   ____          _            __ _ _
 /\\ / ___'_ __ _ _(_)_ __  __ _ \ \ \ \
( ( )\___ | '_ | '_| | '_ \/ _` | \ \ \ \
 \\/  ___)| |_)| | | | | || (_| |  ) ) ) )
  '  |____| .__|_| |_|_| |_\__, | / / / /
 =========|_|==============|___/=/_/_/_/
 :: Spring Boot ::        (v2.3.1.RELEASE)

2020-07-03 14:01:19.043  INFO 14967 --- [    Test worker] c.e.Q.QuickstartDbApplicationTests       : Starting QuickstartDbApplicationTests on sumitn-mac-0 with PID 14967 (started by sumitn in /Users/sumitn/Downloads/QuickstartDb)
2020-07-03 14:01:19.045  INFO 14967 --- [    Test worker] c.e.Q.QuickstartDbApplicationTests       : No active profile set, falling back to default profiles: default
2020-07-03 14:01:19.743  INFO 14967 --- [    Test worker] .s.d.r.c.RepositoryConfigurationDelegate : Bootstrapping Spring Data JPA repositories in DEFERRED mode.
2020-07-03 14:01:19.798  INFO 14967 --- [    Test worker] .s.d.r.c.RepositoryConfigurationDelegate : Finished Spring Data repository scanning in 47ms. Found 1 JPA repository interfaces.
2020-07-03 14:01:20.399  INFO 14967 --- [    Test worker] o.s.s.concurrent.ThreadPoolTaskExecutor  : Initializing ExecutorService 'applicationTaskExecutor'
2020-07-03 14:01:20.473  INFO 14967 --- [         task-1] o.hibernate.jpa.internal.util.LogHelper  : HHH000204: Processing PersistenceUnitInfo [name: default]
2020-07-03 14:01:20.531  INFO 14967 --- [         task-1] org.hibernate.Version                    : HHH000412: Hibernate ORM core version 5.4.17.Final
2020-07-03 14:01:20.709  WARN 14967 --- [    Test worker] JpaBaseConfiguration$JpaWebConfiguration : spring.jpa.open-in-view is enabled by default. Therefore, database queries may be performed during view rendering. Explicitly configure spring.jpa.open-in-view to disable this warning
2020-07-03 14:01:20.721  INFO 14967 --- [         task-1] o.hibernate.annotations.common.Version   : HCANN000001: Hibernate Commons Annotations {5.1.0.Final}
2020-07-03 14:01:20.856  INFO 14967 --- [         task-1] com.zaxxer.hikari.HikariDataSource       : HikariPool-1 - Starting...
2020-07-03 14:01:21.000  INFO 14967 --- [         task-1] com.zaxxer.hikari.HikariDataSource       : HikariPool-1 - Start completed.
2020-07-03 14:01:21.025  INFO 14967 --- [         task-1] org.hibernate.dialect.Dialect            : HHH000400: Using dialect: org.hibernate.dialect.PostgresPlusDialect
2020-07-03 14:01:21.461  INFO 14967 --- [    Test worker] DeferredRepositoryInitializationListener : Triggering deferred initialization of Spring Data repositories?
Hibernate: drop table if exists cars cascade
2020-07-03 14:01:21.818  WARN 14967 --- [         task-1] o.h.engine.jdbc.spi.SqlExceptionHelper   : SQL Warning Code: 0, SQLState: 00000
2020-07-03 14:01:21.818  WARN 14967 --- [         task-1] o.h.engine.jdbc.spi.SqlExceptionHelper   : table "cars" does not exist, skipping
Hibernate: drop sequence if exists hibernate_sequence
2020-07-03 14:01:21.821  WARN 14967 --- [         task-1] o.h.engine.jdbc.spi.SqlExceptionHelper   : SQL Warning Code: 0, SQLState: 00000
2020-07-03 14:01:21.821  WARN 14967 --- [         task-1] o.h.engine.jdbc.spi.SqlExceptionHelper   : sequence "hibernate_sequence" does not exist, skipping
Hibernate: create sequence hibernate_sequence start 1 increment 1
Hibernate: create table cars (id int8 not null, details varchar(255), name varchar(255), primary key (id))
2020-07-03 14:01:21.843  INFO 14967 --- [         task-1] o.h.e.t.j.p.i.JtaPlatformInitiator       : HHH000490: Using JtaPlatform implementation: [org.hibernate.engine.transaction.jta.platform.internal.NoJtaPlatform]
2020-07-03 14:01:21.850  INFO 14967 --- [         task-1] j.LocalContainerEntityManagerFactoryBean : Initialized JPA EntityManagerFactory for persistence unit 'default'
2020-07-03 14:01:22.029  INFO 14967 --- [    Test worker] DeferredRepositoryInitializationListener : Spring Data repositories initialized!
2020-07-03 14:01:22.037  INFO 14967 --- [    Test worker] c.e.Q.QuickstartDbApplicationTests       : Started QuickstartDbApplicationTests in 3.284 seconds (JVM running for 4.422)
]]></system-out>
  <system-err><![CDATA[]]></system-err>
</testsuite>
